<?xml version="1.0" encoding="UTF-8"?>
<!-- Generated by org.testng.reporters.JUnitReportReporter -->
<testsuite skipped="0" hostname="Srinivas-PC" name="testng.Test1" tests="4" failures="0" timestamp="06 Jul 2019 04:07:51 GMT" time="0.018" errors="0">
  <testcase name="f" time="0.001" classname="testng.Test1"/>
  <testcase name="f1" time="0.002" classname="testng.Test1"/>
  <testcase name="f" time="0.010" classname="testng.Test1"/>
  <testcase name="f1" time="0.005" classname="testng.Test1"/>
</testsuite> <!-- testng.Test1 -->
