<?xml version="1.0" encoding="UTF-8"?>
<!-- Generated by org.testng.reporters.JUnitReportReporter -->
<testsuite skipped="0" hostname="Srinivas-PC" name="testng.Annotations1" tests="2" failures="0" timestamp="06 Jul 2019 04:07:51 GMT" time="0.017" errors="0">
  <testcase name="test" time="0.009" classname="testng.Annotations1"/>
  <testcase name="test1" time="0.008" classname="testng.Annotations1"/>
</testsuite> <!-- testng.Annotations1 -->
