<?xml version="1.0" encoding="UTF-8"?>
<!-- Generated by org.testng.reporters.JUnitReportReporter -->
<testsuite skipped="0" hostname="Srinivas-PC" name="testng.Annotations" tests="1" failures="0" timestamp="06 Jul 2019 04:07:51 GMT" time="0.004" errors="0">
  <testcase name="test" time="0.004" classname="testng.Annotations"/>
</testsuite> <!-- testng.Annotations -->
